This file contains any messages produced by compilers while
running configure, to aid debugging if configure makes a mistake.

It was created by FreeType configure 2.3.9, which was
generated by GNU Autoconf 2.63.  Invocation command line was

  $ ./configure --host=arm-eabi --without-zlib --prefix=/opt/devkitpro/devkitARM CFLAGS=-g -Wall -O2 -march=armv5te -mtune=arm946e-s -fomit-frame-pointer -ffast-math -mthumb -mthumb-interwork -I/opt/devkitpro/libnds/include -I/opt/devkitpro/libnds/include -I/home/thomas/data/programming/nds/test/build -DARM9 CXXFLAGS= -fno-rtti -fno-exceptions LDFLAGS=-specs=ds_arm9.specs /opt/devkitpro/libnds/lib/libnds9d.a

## --------- ##
## Platform. ##
## --------- ##

hostname = pahana
uname -m = i686
uname -r = 2.6.28-tuxonice-r8
uname -s = Linux
uname -v = #5 PREEMPT Wed Jul 1 22:42:21 CEST 2009

/usr/bin/uname -p = Intel(R) Pentium(R) M processor 1400MHz
/bin/uname -X     = unknown

/bin/arch              = unknown
/usr/bin/arch -k       = unknown
/usr/convex/getsysinfo = unknown
/usr/bin/hostinfo      = unknown
/bin/machine           = unknown
/usr/bin/oslevel       = unknown
/bin/universe          = unknown

PATH: /usr/local/bin
PATH: /usr/bin
PATH: /bin
PATH: /opt/bin
PATH: /usr/i686-pc-linux-gnu/gcc-bin/4.1.2
PATH: /opt/sun-jdk-1.4.2.10/bin
PATH: /opt/sun-jdk-1.4.2.10/jre/bin
PATH: /opt/sun-jdk-1.4.2.10/jre/javaws
PATH: /usr/kde/4.2/bin
PATH: /usr/kde/3.5/bin
PATH: /usr/qt/3/bin
PATH: /usr/games/bin
PATH: /opt/vmware/server/console/bin
PATH: /opt/devkitpro/devkitARM/bin
PATH: /opt/oracle/product/10.2.0.1/bin
PATH: /sbin
PATH: /usr/sbin
PATH: /usr/local/sbin


## ----------- ##
## Core tests. ##
## ----------- ##

configure:2072: checking build system type
configure:2090: result: i686-pc-linux-gnu
configure:2112: checking host system type
configure:2127: result: arm-unknown-eabi
configure:2161: checking for arm-eabi-gcc
configure:2177: found /opt/devkitpro/devkitARM/bin/arm-eabi-gcc
configure:2188: result: arm-eabi-gcc
configure:2460: checking for C compiler version
configure:2468: arm-eabi-gcc --version >&5
arm-eabi-gcc (devkitARM release 26) 4.4.0
Copyright (C) 2009 Free Software Foundation, Inc.
This is free software; see the source for copying conditions.  There is NO
warranty; not even for MERCHANTABILITY or FITNESS FOR A PARTICULAR PURPOSE.

configure:2472: $? = 0
configure:2479: arm-eabi-gcc -v >&5
Using built-in specs.
Target: arm-eabi
Configured with: ../../gcc-4.4.0/configure --enable-languages=c,c++,objc --with-cpu=arm7tdmi --enable-interwork --enable-multilib --with-gcc --with-gnu-ld --with-gnu-as --disable-shared --disable-threads --disable-win32-registry --disable-nls --disable-debug --disable-libmudflap --disable-libssp --disable-libgomp --disable-libstdcxx-pch --target=arm-eabi --with-newlib --prefix=/opt/devkitpro/devkitARM --with-bugurl=http://wiki.devkitpro.org/index.php/Bug_Reports --with-pkgversion='devkitARM release 26'
Thread model: single
gcc version 4.4.0 (devkitARM release 26) 
configure:2483: $? = 0
configure:2490: arm-eabi-gcc -V >&5
arm-eabi-gcc: '-V' option must have argument
configure:2494: $? = 1
configure:2517: checking for C compiler default output file name
configure:2539: arm-eabi-gcc -g -Wall -O2 -march=armv5te -mtune=arm946e-s -fomit-frame-pointer -ffast-math -mthumb -mthumb-interwork -I/opt/devkitpro/libnds/include -I/opt/devkitpro/libnds/include -I/home/thomas/data/programming/nds/test/build -DARM9  -specs=ds_arm9.specs /opt/devkitpro/libnds/lib/libnds9d.a conftest.c  >&5
configure:2543: $? = 0
configure:2581: result: a.out
configure:2600: checking whether the C compiler works
configure:2610: ./a.out
./configure: line 2612: ./a.out: cannot execute binary file
configure:2614: $? = 126
configure:2633: result: yes
configure:2640: checking whether we are cross compiling
configure:2642: result: yes
configure:2645: checking for suffix of executables
configure:2652: arm-eabi-gcc -o conftest -g -Wall -O2 -march=armv5te -mtune=arm946e-s -fomit-frame-pointer -ffast-math -mthumb -mthumb-interwork -I/opt/devkitpro/libnds/include -I/opt/devkitpro/libnds/include -I/home/thomas/data/programming/nds/test/build -DARM9  -specs=ds_arm9.specs /opt/devkitpro/libnds/lib/libnds9d.a conftest.c  >&5
configure:2656: $? = 0
configure:2682: result: 
configure:2688: checking for suffix of object files
configure:2714: arm-eabi-gcc -c -g -Wall -O2 -march=armv5te -mtune=arm946e-s -fomit-frame-pointer -ffast-math -mthumb -mthumb-interwork -I/opt/devkitpro/libnds/include -I/opt/devkitpro/libnds/include -I/home/thomas/data/programming/nds/test/build -DARM9  conftest.c >&5
configure:2718: $? = 0
configure:2743: result: o
configure:2747: checking whether we are using the GNU C compiler
configure:2776: arm-eabi-gcc -c -g -Wall -O2 -march=armv5te -mtune=arm946e-s -fomit-frame-pointer -ffast-math -mthumb -mthumb-interwork -I/opt/devkitpro/libnds/include -I/opt/devkitpro/libnds/include -I/home/thomas/data/programming/nds/test/build -DARM9  conftest.c >&5
configure:2783: $? = 0
configure:2800: result: yes
configure:2809: checking whether arm-eabi-gcc accepts -g
configure:2839: arm-eabi-gcc -c -g  conftest.c >&5
configure:2846: $? = 0
configure:2947: result: yes
configure:2964: checking for arm-eabi-gcc option to accept ISO C89
configure:3038: arm-eabi-gcc  -c -g -Wall -O2 -march=armv5te -mtune=arm946e-s -fomit-frame-pointer -ffast-math -mthumb -mthumb-interwork -I/opt/devkitpro/libnds/include -I/opt/devkitpro/libnds/include -I/home/thomas/data/programming/nds/test/build -DARM9  conftest.c >&5
configure:3045: $? = 0
configure:3068: result: none needed
configure:3091: checking how to run the C preprocessor
configure:3131: arm-eabi-gcc -E  conftest.c
configure:3138: $? = 0
configure:3169: arm-eabi-gcc -E  conftest.c
conftest.c:8:28: error: ac_nonexistent.h: No such file or directory
configure:3176: $? = 1
configure: failed program was:
| /* confdefs.h.  */
| #define PACKAGE_NAME "FreeType"
| #define PACKAGE_TARNAME "freetype"
| #define PACKAGE_VERSION "2.3.9"
| #define PACKAGE_STRING "FreeType 2.3.9"
| #define PACKAGE_BUGREPORT "freetype@nongnu.org"
| /* end confdefs.h.  */
| #include <ac_nonexistent.h>
configure:3209: result: arm-eabi-gcc -E
configure:3238: arm-eabi-gcc -E  conftest.c
configure:3245: $? = 0
configure:3276: arm-eabi-gcc -E  conftest.c
conftest.c:8:28: error: ac_nonexistent.h: No such file or directory
configure:3283: $? = 1
configure: failed program was:
| /* confdefs.h.  */
| #define PACKAGE_NAME "FreeType"
| #define PACKAGE_TARNAME "freetype"
| #define PACKAGE_VERSION "2.3.9"
| #define PACKAGE_STRING "FreeType 2.3.9"
| #define PACKAGE_BUGREPORT "freetype@nongnu.org"
| /* end confdefs.h.  */
| #include <ac_nonexistent.h>
configure:3330: checking for i686-pc-linux-gnu-gcc
configure:3346: found /usr/bin/i686-pc-linux-gnu-gcc
configure:3357: result: i686-pc-linux-gnu-gcc
configure:3367: checking for i686-pc-linux-gnu-gcc
configure:3394: result: i686-pc-linux-gnu-gcc
configure:3404: checking for i686-pc-linux-gnu-gcc
configure:3448: result: i686-pc-linux-gnu-gcc
configure:3460: checking for suffix of native executables
configure:3475: result: 
configure:3517: checking for rm
configure:3533: found /usr/bin/rm
configure:3544: result: rm -f
configure:3554: checking for rmdir
configure:3570: found /usr/bin/rmdir
configure:3581: result: rmdir
configure:3609: checking for a BSD-compatible install
configure:3677: result: /usr/bin/install -c
configure:3700: checking for grep that handles long lines and -e
configure:3760: result: /bin/grep
configure:3765: checking for egrep
configure:3829: result: /bin/grep -E
configure:3834: checking for ANSI C header files
configure:3864: arm-eabi-gcc -c -g -Wall -O2 -march=armv5te -mtune=arm946e-s -fomit-frame-pointer -ffast-math -mthumb -mthumb-interwork -I/opt/devkitpro/libnds/include -I/opt/devkitpro/libnds/include -I/home/thomas/data/programming/nds/test/build -DARM9  conftest.c >&5
configure:3871: $? = 0
configure:4002: result: yes
configure:4026: checking for sys/types.h
configure:4047: arm-eabi-gcc -c -g -Wall -O2 -march=armv5te -mtune=arm946e-s -fomit-frame-pointer -ffast-math -mthumb -mthumb-interwork -I/opt/devkitpro/libnds/include -I/opt/devkitpro/libnds/include -I/home/thomas/data/programming/nds/test/build -DARM9  conftest.c >&5
configure:4054: $? = 0
configure:4071: result: yes
configure:4026: checking for sys/stat.h
configure:4047: arm-eabi-gcc -c -g -Wall -O2 -march=armv5te -mtune=arm946e-s -fomit-frame-pointer -ffast-math -mthumb -mthumb-interwork -I/opt/devkitpro/libnds/include -I/opt/devkitpro/libnds/include -I/home/thomas/data/programming/nds/test/build -DARM9  conftest.c >&5
configure:4054: $? = 0
configure:4071: result: yes
configure:4026: checking for stdlib.h
configure:4047: arm-eabi-gcc -c -g -Wall -O2 -march=armv5te -mtune=arm946e-s -fomit-frame-pointer -ffast-math -mthumb -mthumb-interwork -I/opt/devkitpro/libnds/include -I/opt/devkitpro/libnds/include -I/home/thomas/data/programming/nds/test/build -DARM9  conftest.c >&5
configure:4054: $? = 0
configure:4071: result: yes
configure:4026: checking for string.h
configure:4047: arm-eabi-gcc -c -g -Wall -O2 -march=armv5te -mtune=arm946e-s -fomit-frame-pointer -ffast-math -mthumb -mthumb-interwork -I/opt/devkitpro/libnds/include -I/opt/devkitpro/libnds/include -I/home/thomas/data/programming/nds/test/build -DARM9  conftest.c >&5
configure:4054: $? = 0
configure:4071: result: yes
configure:4026: checking for memory.h
configure:4047: arm-eabi-gcc -c -g -Wall -O2 -march=armv5te -mtune=arm946e-s -fomit-frame-pointer -ffast-math -mthumb -mthumb-interwork -I/opt/devkitpro/libnds/include -I/opt/devkitpro/libnds/include -I/home/thomas/data/programming/nds/test/build -DARM9  conftest.c >&5
conftest.c:47:20: error: memory.h: No such file or directory
configure:4054: $? = 1
configure: failed program was:
| /* confdefs.h.  */
| #define PACKAGE_NAME "FreeType"
| #define PACKAGE_TARNAME "freetype"
| #define PACKAGE_VERSION "2.3.9"
| #define PACKAGE_STRING "FreeType 2.3.9"
| #define PACKAGE_BUGREPORT "freetype@nongnu.org"
| #define STDC_HEADERS 1
| #define HAVE_SYS_TYPES_H 1
| #define HAVE_SYS_STAT_H 1
| #define HAVE_STDLIB_H 1
| #define HAVE_STRING_H 1
| /* end confdefs.h.  */
| #include <stdio.h>
| #ifdef HAVE_SYS_TYPES_H
| # include <sys/types.h>
| #endif
| #ifdef HAVE_SYS_STAT_H
| # include <sys/stat.h>
| #endif
| #ifdef STDC_HEADERS
| # include <stdlib.h>
| # include <stddef.h>
| #else
| # ifdef HAVE_STDLIB_H
| #  include <stdlib.h>
| # endif
| #endif
| #ifdef HAVE_STRING_H
| # if !defined STDC_HEADERS && defined HAVE_MEMORY_H
| #  include <memory.h>
| # endif
| # include <string.h>
| #endif
| #ifdef HAVE_STRINGS_H
| # include <strings.h>
| #endif
| #ifdef HAVE_INTTYPES_H
| # include <inttypes.h>
| #endif
| #ifdef HAVE_STDINT_H
| # include <stdint.h>
| #endif
| #ifdef HAVE_UNISTD_H
| # include <unistd.h>
| #endif
| 
| #include <memory.h>
configure:4071: result: no
configure:4026: checking for strings.h
configure:4047: arm-eabi-gcc -c -g -Wall -O2 -march=armv5te -mtune=arm946e-s -fomit-frame-pointer -ffast-math -mthumb -mthumb-interwork -I/opt/devkitpro/libnds/include -I/opt/devkitpro/libnds/include -I/home/thomas/data/programming/nds/test/build -DARM9  conftest.c >&5
conftest.c:47:21: error: strings.h: No such file or directory
configure:4054: $? = 1
configure: failed program was:
| /* confdefs.h.  */
| #define PACKAGE_NAME "FreeType"
| #define PACKAGE_TARNAME "freetype"
| #define PACKAGE_VERSION "2.3.9"
| #define PACKAGE_STRING "FreeType 2.3.9"
| #define PACKAGE_BUGREPORT "freetype@nongnu.org"
| #define STDC_HEADERS 1
| #define HAVE_SYS_TYPES_H 1
| #define HAVE_SYS_STAT_H 1
| #define HAVE_STDLIB_H 1
| #define HAVE_STRING_H 1
| /* end confdefs.h.  */
| #include <stdio.h>
| #ifdef HAVE_SYS_TYPES_H
| # include <sys/types.h>
| #endif
| #ifdef HAVE_SYS_STAT_H
| # include <sys/stat.h>
| #endif
| #ifdef STDC_HEADERS
| # include <stdlib.h>
| # include <stddef.h>
| #else
| # ifdef HAVE_STDLIB_H
| #  include <stdlib.h>
| # endif
| #endif
| #ifdef HAVE_STRING_H
| # if !defined STDC_HEADERS && defined HAVE_MEMORY_H
| #  include <memory.h>
| # endif
| # include <string.h>
| #endif
| #ifdef HAVE_STRINGS_H
| # include <strings.h>
| #endif
| #ifdef HAVE_INTTYPES_H
| # include <inttypes.h>
| #endif
| #ifdef HAVE_STDINT_H
| # include <stdint.h>
| #endif
| #ifdef HAVE_UNISTD_H
| # include <unistd.h>
| #endif
| 
| #include <strings.h>
configure:4071: result: no
configure:4026: checking for inttypes.h
configure:4047: arm-eabi-gcc -c -g -Wall -O2 -march=armv5te -mtune=arm946e-s -fomit-frame-pointer -ffast-math -mthumb -mthumb-interwork -I/opt/devkitpro/libnds/include -I/opt/devkitpro/libnds/include -I/home/thomas/data/programming/nds/test/build -DARM9  conftest.c >&5
configure:4054: $? = 0
configure:4071: result: yes
configure:4026: checking for stdint.h
configure:4047: arm-eabi-gcc -c -g -Wall -O2 -march=armv5te -mtune=arm946e-s -fomit-frame-pointer -ffast-math -mthumb -mthumb-interwork -I/opt/devkitpro/libnds/include -I/opt/devkitpro/libnds/include -I/home/thomas/data/programming/nds/test/build -DARM9  conftest.c >&5
configure:4054: $? = 0
configure:4071: result: yes
configure:4026: checking for unistd.h
configure:4047: arm-eabi-gcc -c -g -Wall -O2 -march=armv5te -mtune=arm946e-s -fomit-frame-pointer -ffast-math -mthumb -mthumb-interwork -I/opt/devkitpro/libnds/include -I/opt/devkitpro/libnds/include -I/home/thomas/data/programming/nds/test/build -DARM9  conftest.c >&5
configure:4054: $? = 0
configure:4071: result: yes
configure:4102: checking fcntl.h usability
configure:4119: arm-eabi-gcc -c -g -Wall -O2 -march=armv5te -mtune=arm946e-s -fomit-frame-pointer -ffast-math -mthumb -mthumb-interwork -I/opt/devkitpro/libnds/include -I/opt/devkitpro/libnds/include -I/home/thomas/data/programming/nds/test/build -DARM9  conftest.c >&5
configure:4126: $? = 0
configure:4140: result: yes
configure:4144: checking fcntl.h presence
configure:4159: arm-eabi-gcc -E  conftest.c
configure:4166: $? = 0
configure:4180: result: yes
configure:4213: checking for fcntl.h
configure:4222: result: yes
configure:4091: checking for unistd.h
configure:4098: result: yes
configure:4241: checking for an ANSI C-conforming const
configure:4316: arm-eabi-gcc -c -g -Wall -O2 -march=armv5te -mtune=arm946e-s -fomit-frame-pointer -ffast-math -mthumb -mthumb-interwork -I/opt/devkitpro/libnds/include -I/opt/devkitpro/libnds/include -I/home/thomas/data/programming/nds/test/build -DARM9  conftest.c >&5
conftest.c: In function 'main':
conftest.c:47: warning: 't' is used uninitialized in this function
conftest.c:26: warning: 'cs[0]' is used uninitialized in this function
configure:4323: $? = 0
configure:4338: result: yes
configure:4352: checking size of int
configure:4382: arm-eabi-gcc -c -g -Wall -O2 -march=armv5te -mtune=arm946e-s -fomit-frame-pointer -ffast-math -mthumb -mthumb-interwork -I/opt/devkitpro/libnds/include -I/opt/devkitpro/libnds/include -I/home/thomas/data/programming/nds/test/build -DARM9  conftest.c >&5
configure:4389: $? = 0
configure:4419: arm-eabi-gcc -c -g -Wall -O2 -march=armv5te -mtune=arm946e-s -fomit-frame-pointer -ffast-math -mthumb -mthumb-interwork -I/opt/devkitpro/libnds/include -I/opt/devkitpro/libnds/include -I/home/thomas/data/programming/nds/test/build -DARM9  conftest.c >&5
conftest.c: In function 'main':
conftest.c:54: error: size of array 'test_array' is negative
configure:4426: $? = 1
configure: failed program was:
| /* confdefs.h.  */
| #define PACKAGE_NAME "FreeType"
| #define PACKAGE_TARNAME "freetype"
| #define PACKAGE_VERSION "2.3.9"
| #define PACKAGE_STRING "FreeType 2.3.9"
| #define PACKAGE_BUGREPORT "freetype@nongnu.org"
| #define STDC_HEADERS 1
| #define HAVE_SYS_TYPES_H 1
| #define HAVE_SYS_STAT_H 1
| #define HAVE_STDLIB_H 1
| #define HAVE_STRING_H 1
| #define HAVE_INTTYPES_H 1
| #define HAVE_STDINT_H 1
| #define HAVE_UNISTD_H 1
| #define HAVE_FCNTL_H 1
| #define HAVE_UNISTD_H 1
| /* end confdefs.h.  */
| #include <stdio.h>
| #ifdef HAVE_SYS_TYPES_H
| # include <sys/types.h>
| #endif
| #ifdef HAVE_SYS_STAT_H
| # include <sys/stat.h>
| #endif
| #ifdef STDC_HEADERS
| # include <stdlib.h>
| # include <stddef.h>
| #else
| # ifdef HAVE_STDLIB_H
| #  include <stdlib.h>
| # endif
| #endif
| #ifdef HAVE_STRING_H
| # if !defined STDC_HEADERS && defined HAVE_MEMORY_H
| #  include <memory.h>
| # endif
| # include <string.h>
| #endif
| #ifdef HAVE_STRINGS_H
| # include <strings.h>
| #endif
| #ifdef HAVE_INTTYPES_H
| # include <inttypes.h>
| #endif
| #ifdef HAVE_STDINT_H
| # include <stdint.h>
| #endif
| #ifdef HAVE_UNISTD_H
| # include <unistd.h>
| #endif
| int
| main ()
| {
| static int test_array [1 - 2 * !(((long int) (sizeof (int))) <= 0)];
| test_array [0] = 0
| 
|   ;
|   return 0;
| }
configure:4419: arm-eabi-gcc -c -g -Wall -O2 -march=armv5te -mtune=arm946e-s -fomit-frame-pointer -ffast-math -mthumb -mthumb-interwork -I/opt/devkitpro/libnds/include -I/opt/devkitpro/libnds/include -I/home/thomas/data/programming/nds/test/build -DARM9  conftest.c >&5
conftest.c: In function 'main':
conftest.c:54: error: size of array 'test_array' is negative
configure:4426: $? = 1
configure: failed program was:
| /* confdefs.h.  */
| #define PACKAGE_NAME "FreeType"
| #define PACKAGE_TARNAME "freetype"
| #define PACKAGE_VERSION "2.3.9"
| #define PACKAGE_STRING "FreeType 2.3.9"
| #define PACKAGE_BUGREPORT "freetype@nongnu.org"
| #define STDC_HEADERS 1
| #define HAVE_SYS_TYPES_H 1
| #define HAVE_SYS_STAT_H 1
| #define HAVE_STDLIB_H 1
| #define HAVE_STRING_H 1
| #define HAVE_INTTYPES_H 1
| #define HAVE_STDINT_H 1
| #define HAVE_UNISTD_H 1
| #define HAVE_FCNTL_H 1
| #define HAVE_UNISTD_H 1
| /* end confdefs.h.  */
| #include <stdio.h>
| #ifdef HAVE_SYS_TYPES_H
| # include <sys/types.h>
| #endif
| #ifdef HAVE_SYS_STAT_H
| # include <sys/stat.h>
| #endif
| #ifdef STDC_HEADERS
| # include <stdlib.h>
| # include <stddef.h>
| #else
| # ifdef HAVE_STDLIB_H
| #  include <stdlib.h>
| # endif
| #endif
| #ifdef HAVE_STRING_H
| # if !defined STDC_HEADERS && defined HAVE_MEMORY_H
| #  include <memory.h>
| # endif
| # include <string.h>
| #endif
| #ifdef HAVE_STRINGS_H
| # include <strings.h>
| #endif
| #ifdef HAVE_INTTYPES_H
| # include <inttypes.h>
| #endif
| #ifdef HAVE_STDINT_H
| # include <stdint.h>
| #endif
| #ifdef HAVE_UNISTD_H
| # include <unistd.h>
| #endif
| int
| main ()
| {
| static int test_array [1 - 2 * !(((long int) (sizeof (int))) <= 1)];
| test_array [0] = 0
| 
|   ;
|   return 0;
| }
configure:4419: arm-eabi-gcc -c -g -Wall -O2 -march=armv5te -mtune=arm946e-s -fomit-frame-pointer -ffast-math -mthumb -mthumb-interwork -I/opt/devkitpro/libnds/include -I/opt/devkitpro/libnds/include -I/home/thomas/data/programming/nds/test/build -DARM9  conftest.c >&5
conftest.c: In function 'main':
conftest.c:54: error: size of array 'test_array' is negative
configure:4426: $? = 1
configure: failed program was:
| /* confdefs.h.  */
| #define PACKAGE_NAME "FreeType"
| #define PACKAGE_TARNAME "freetype"
| #define PACKAGE_VERSION "2.3.9"
| #define PACKAGE_STRING "FreeType 2.3.9"
| #define PACKAGE_BUGREPORT "freetype@nongnu.org"
| #define STDC_HEADERS 1
| #define HAVE_SYS_TYPES_H 1
| #define HAVE_SYS_STAT_H 1
| #define HAVE_STDLIB_H 1
| #define HAVE_STRING_H 1
| #define HAVE_INTTYPES_H 1
| #define HAVE_STDINT_H 1
| #define HAVE_UNISTD_H 1
| #define HAVE_FCNTL_H 1
| #define HAVE_UNISTD_H 1
| /* end confdefs.h.  */
| #include <stdio.h>
| #ifdef HAVE_SYS_TYPES_H
| # include <sys/types.h>
| #endif
| #ifdef HAVE_SYS_STAT_H
| # include <sys/stat.h>
| #endif
| #ifdef STDC_HEADERS
| # include <stdlib.h>
| # include <stddef.h>
| #else
| # ifdef HAVE_STDLIB_H
| #  include <stdlib.h>
| # endif
| #endif
| #ifdef HAVE_STRING_H
| # if !defined STDC_HEADERS && defined HAVE_MEMORY_H
| #  include <memory.h>
| # endif
| # include <string.h>
| #endif
| #ifdef HAVE_STRINGS_H
| # include <strings.h>
| #endif
| #ifdef HAVE_INTTYPES_H
| # include <inttypes.h>
| #endif
| #ifdef HAVE_STDINT_H
| # include <stdint.h>
| #endif
| #ifdef HAVE_UNISTD_H
| # include <unistd.h>
| #endif
| int
| main ()
| {
| static int test_array [1 - 2 * !(((long int) (sizeof (int))) <= 3)];
| test_array [0] = 0
| 
|   ;
|   return 0;
| }
configure:4419: arm-eabi-gcc -c -g -Wall -O2 -march=armv5te -mtune=arm946e-s -fomit-frame-pointer -ffast-math -mthumb -mthumb-interwork -I/opt/devkitpro/libnds/include -I/opt/devkitpro/libnds/include -I/home/thomas/data/programming/nds/test/build -DARM9  conftest.c >&5
configure:4426: $? = 0
configure:4574: arm-eabi-gcc -c -g -Wall -O2 -march=armv5te -mtune=arm946e-s -fomit-frame-pointer -ffast-math -mthumb -mthumb-interwork -I/opt/devkitpro/libnds/include -I/opt/devkitpro/libnds/include -I/home/thomas/data/programming/nds/test/build -DARM9  conftest.c >&5
configure:4581: $? = 0
configure:4574: arm-eabi-gcc -c -g -Wall -O2 -march=armv5te -mtune=arm946e-s -fomit-frame-pointer -ffast-math -mthumb -mthumb-interwork -I/opt/devkitpro/libnds/include -I/opt/devkitpro/libnds/include -I/home/thomas/data/programming/nds/test/build -DARM9  conftest.c >&5
configure:4581: $? = 0
configure:4697: result: 4
configure:4711: checking size of long
configure:4741: arm-eabi-gcc -c -g -Wall -O2 -march=armv5te -mtune=arm946e-s -fomit-frame-pointer -ffast-math -mthumb -mthumb-interwork -I/opt/devkitpro/libnds/include -I/opt/devkitpro/libnds/include -I/home/thomas/data/programming/nds/test/build -DARM9  conftest.c >&5
configure:4748: $? = 0
configure:4778: arm-eabi-gcc -c -g -Wall -O2 -march=armv5te -mtune=arm946e-s -fomit-frame-pointer -ffast-math -mthumb -mthumb-interwork -I/opt/devkitpro/libnds/include -I/opt/devkitpro/libnds/include -I/home/thomas/data/programming/nds/test/build -DARM9  conftest.c >&5
conftest.c: In function 'main':
conftest.c:55: error: size of array 'test_array' is negative
configure:4785: $? = 1
configure: failed program was:
| /* confdefs.h.  */
| #define PACKAGE_NAME "FreeType"
| #define PACKAGE_TARNAME "freetype"
| #define PACKAGE_VERSION "2.3.9"
| #define PACKAGE_STRING "FreeType 2.3.9"
| #define PACKAGE_BUGREPORT "freetype@nongnu.org"
| #define STDC_HEADERS 1
| #define HAVE_SYS_TYPES_H 1
| #define HAVE_SYS_STAT_H 1
| #define HAVE_STDLIB_H 1
| #define HAVE_STRING_H 1
| #define HAVE_INTTYPES_H 1
| #define HAVE_STDINT_H 1
| #define HAVE_UNISTD_H 1
| #define HAVE_FCNTL_H 1
| #define HAVE_UNISTD_H 1
| #define SIZEOF_INT 4
| /* end confdefs.h.  */
| #include <stdio.h>
| #ifdef HAVE_SYS_TYPES_H
| # include <sys/types.h>
| #endif
| #ifdef HAVE_SYS_STAT_H
| # include <sys/stat.h>
| #endif
| #ifdef STDC_HEADERS
| # include <stdlib.h>
| # include <stddef.h>
| #else
| # ifdef HAVE_STDLIB_H
| #  include <stdlib.h>
| # endif
| #endif
| #ifdef HAVE_STRING_H
| # if !defined STDC_HEADERS && defined HAVE_MEMORY_H
| #  include <memory.h>
| # endif
| # include <string.h>
| #endif
| #ifdef HAVE_STRINGS_H
| # include <strings.h>
| #endif
| #ifdef HAVE_INTTYPES_H
| # include <inttypes.h>
| #endif
| #ifdef HAVE_STDINT_H
| # include <stdint.h>
| #endif
| #ifdef HAVE_UNISTD_H
| # include <unistd.h>
| #endif
| int
| main ()
| {
| static int test_array [1 - 2 * !(((long int) (sizeof (long))) <= 0)];
| test_array [0] = 0
| 
|   ;
|   return 0;
| }
configure:4778: arm-eabi-gcc -c -g -Wall -O2 -march=armv5te -mtune=arm946e-s -fomit-frame-pointer -ffast-math -mthumb -mthumb-interwork -I/opt/devkitpro/libnds/include -I/opt/devkitpro/libnds/include -I/home/thomas/data/programming/nds/test/build -DARM9  conftest.c >&5
conftest.c: In function 'main':
conftest.c:55: error: size of array 'test_array' is negative
configure:4785: $? = 1
configure: failed program was:
| /* confdefs.h.  */
| #define PACKAGE_NAME "FreeType"
| #define PACKAGE_TARNAME "freetype"
| #define PACKAGE_VERSION "2.3.9"
| #define PACKAGE_STRING "FreeType 2.3.9"
| #define PACKAGE_BUGREPORT "freetype@nongnu.org"
| #define STDC_HEADERS 1
| #define HAVE_SYS_TYPES_H 1
| #define HAVE_SYS_STAT_H 1
| #define HAVE_STDLIB_H 1
| #define HAVE_STRING_H 1
| #define HAVE_INTTYPES_H 1
| #define HAVE_STDINT_H 1
| #define HAVE_UNISTD_H 1
| #define HAVE_FCNTL_H 1
| #define HAVE_UNISTD_H 1
| #define SIZEOF_INT 4
| /* end confdefs.h.  */
| #include <stdio.h>
| #ifdef HAVE_SYS_TYPES_H
| # include <sys/types.h>
| #endif
| #ifdef HAVE_SYS_STAT_H
| # include <sys/stat.h>
| #endif
| #ifdef STDC_HEADERS
| # include <stdlib.h>
| # include <stddef.h>
| #else
| # ifdef HAVE_STDLIB_H
| #  include <stdlib.h>
| # endif
| #endif
| #ifdef HAVE_STRING_H
| # if !defined STDC_HEADERS && defined HAVE_MEMORY_H
| #  include <memory.h>
| # endif
| # include <string.h>
| #endif
| #ifdef HAVE_STRINGS_H
| # include <strings.h>
| #endif
| #ifdef HAVE_INTTYPES_H
| # include <inttypes.h>
| #endif
| #ifdef HAVE_STDINT_H
| # include <stdint.h>
| #endif
| #ifdef HAVE_UNISTD_H
| # include <unistd.h>
| #endif
| int
| main ()
| {
| static int test_array [1 - 2 * !(((long int) (sizeof (long))) <= 1)];
| test_array [0] = 0
| 
|   ;
|   return 0;
| }
configure:4778: arm-eabi-gcc -c -g -Wall -O2 -march=armv5te -mtune=arm946e-s -fomit-frame-pointer -ffast-math -mthumb -mthumb-interwork -I/opt/devkitpro/libnds/include -I/opt/devkitpro/libnds/include -I/home/thomas/data/programming/nds/test/build -DARM9  conftest.c >&5
conftest.c: In function 'main':
conftest.c:55: error: size of array 'test_array' is negative
configure:4785: $? = 1
configure: failed program was:
| /* confdefs.h.  */
| #define PACKAGE_NAME "FreeType"
| #define PACKAGE_TARNAME "freetype"
| #define PACKAGE_VERSION "2.3.9"
| #define PACKAGE_STRING "FreeType 2.3.9"
| #define PACKAGE_BUGREPORT "freetype@nongnu.org"
| #define STDC_HEADERS 1
| #define HAVE_SYS_TYPES_H 1
| #define HAVE_SYS_STAT_H 1
| #define HAVE_STDLIB_H 1
| #define HAVE_STRING_H 1
| #define HAVE_INTTYPES_H 1
| #define HAVE_STDINT_H 1
| #define HAVE_UNISTD_H 1
| #define HAVE_FCNTL_H 1
| #define HAVE_UNISTD_H 1
| #define SIZEOF_INT 4
| /* end confdefs.h.  */
| #include <stdio.h>
| #ifdef HAVE_SYS_TYPES_H
| # include <sys/types.h>
| #endif
| #ifdef HAVE_SYS_STAT_H
| # include <sys/stat.h>
| #endif
| #ifdef STDC_HEADERS
| # include <stdlib.h>
| # include <stddef.h>
| #else
| # ifdef HAVE_STDLIB_H
| #  include <stdlib.h>
| # endif
| #endif
| #ifdef HAVE_STRING_H
| # if !defined STDC_HEADERS && defined HAVE_MEMORY_H
| #  include <memory.h>
| # endif
| # include <string.h>
| #endif
| #ifdef HAVE_STRINGS_H
| # include <strings.h>
| #endif
| #ifdef HAVE_INTTYPES_H
| # include <inttypes.h>
| #endif
| #ifdef HAVE_STDINT_H
| # include <stdint.h>
| #endif
| #ifdef HAVE_UNISTD_H
| # include <unistd.h>
| #endif
| int
| main ()
| {
| static int test_array [1 - 2 * !(((long int) (sizeof (long))) <= 3)];
| test_array [0] = 0
| 
|   ;
|   return 0;
| }
configure:4778: arm-eabi-gcc -c -g -Wall -O2 -march=armv5te -mtune=arm946e-s -fomit-frame-pointer -ffast-math -mthumb -mthumb-interwork -I/opt/devkitpro/libnds/include -I/opt/devkitpro/libnds/include -I/home/thomas/data/programming/nds/test/build -DARM9  conftest.c >&5
configure:4785: $? = 0
configure:4933: arm-eabi-gcc -c -g -Wall -O2 -march=armv5te -mtune=arm946e-s -fomit-frame-pointer -ffast-math -mthumb -mthumb-interwork -I/opt/devkitpro/libnds/include -I/opt/devkitpro/libnds/include -I/home/thomas/data/programming/nds/test/build -DARM9  conftest.c >&5
configure:4940: $? = 0
configure:4933: arm-eabi-gcc -c -g -Wall -O2 -march=armv5te -mtune=arm946e-s -fomit-frame-pointer -ffast-math -mthumb -mthumb-interwork -I/opt/devkitpro/libnds/include -I/opt/devkitpro/libnds/include -I/home/thomas/data/programming/nds/test/build -DARM9  conftest.c >&5
configure:4940: $? = 0
configure:5056: result: 4
configure:5070: checking cpp computation of bit length in ftconfig.in works
configure:5121: result: yes
configure:5152: checking for stdlib.h
configure:5159: result: yes
configure:5152: checking for unistd.h
configure:5159: result: yes
configure:5302: checking for getpagesize
configure:5358: arm-eabi-gcc -o conftest -g -Wall -O2 -march=armv5te -mtune=arm946e-s -fomit-frame-pointer -ffast-math -mthumb -mthumb-interwork -I/opt/devkitpro/libnds/include -I/opt/devkitpro/libnds/include -I/home/thomas/data/programming/nds/test/build -DARM9  -specs=ds_arm9.specs /opt/devkitpro/libnds/lib/libnds9d.a conftest.c  >&5
/tmp/ccojDqLA.o: In function `main':
/home/thomas/data/programming/nds/freetype-2.3.9/builds/unix/conftest.c:56: undefined reference to `getpagesize'
collect2: ld returned 1 exit status
configure:5365: $? = 1
configure: failed program was:
| /* confdefs.h.  */
| #define PACKAGE_NAME "FreeType"
| #define PACKAGE_TARNAME "freetype"
| #define PACKAGE_VERSION "2.3.9"
| #define PACKAGE_STRING "FreeType 2.3.9"
| #define PACKAGE_BUGREPORT "freetype@nongnu.org"
| #define STDC_HEADERS 1
| #define HAVE_SYS_TYPES_H 1
| #define HAVE_SYS_STAT_H 1
| #define HAVE_STDLIB_H 1
| #define HAVE_STRING_H 1
| #define HAVE_INTTYPES_H 1
| #define HAVE_STDINT_H 1
| #define HAVE_UNISTD_H 1
| #define HAVE_FCNTL_H 1
| #define HAVE_UNISTD_H 1
| #define SIZEOF_INT 4
| #define SIZEOF_LONG 4
| #define HAVE_STDLIB_H 1
| #define HAVE_UNISTD_H 1
| /* end confdefs.h.  */
| /* Define getpagesize to an innocuous variant, in case <limits.h> declares getpagesize.
|    For example, HP-UX 11i <limits.h> declares gettimeofday.  */
| #define getpagesize innocuous_getpagesize
| 
| /* System header to define __stub macros and hopefully few prototypes,
|     which can conflict with char getpagesize (); below.
|     Prefer <limits.h> to <assert.h> if __STDC__ is defined, since
|     <limits.h> exists even on freestanding compilers.  */
| 
| #ifdef __STDC__
| # include <limits.h>
| #else
| # include <assert.h>
| #endif
| 
| #undef getpagesize
| 
| /* Override any GCC internal prototype to avoid an error.
|    Use char because int might match the return type of a GCC
|    builtin and then its argument prototype would still apply.  */
| #ifdef __cplusplus
| extern "C"
| #endif
| char getpagesize ();
| /* The GNU C library defines this for functions which it implements
|     to always fail with ENOSYS.  Some functions are actually named
|     something starting with __ and the normal name is an alias.  */
| #if defined __stub_getpagesize || defined __stub___getpagesize
| choke me
| #endif
| 
| int
| main ()
| {
| return getpagesize ();
|   ;
|   return 0;
| }
configure:5387: result: no
configure:5399: checking for working mmap
configure:5577: result: no
configure:5732: checking for memcpy
configure:5788: arm-eabi-gcc -o conftest -g -Wall -O2 -march=armv5te -mtune=arm946e-s -fomit-frame-pointer -ffast-math -mthumb -mthumb-interwork -I/opt/devkitpro/libnds/include -I/opt/devkitpro/libnds/include -I/home/thomas/data/programming/nds/test/build -DARM9  -specs=ds_arm9.specs /opt/devkitpro/libnds/lib/libnds9d.a conftest.c  >&5
conftest.c:45: warning: conflicting types for built-in function 'memcpy'
configure:5795: $? = 0
configure:5817: result: yes
configure:5732: checking for memmove
configure:5788: arm-eabi-gcc -o conftest -g -Wall -O2 -march=armv5te -mtune=arm946e-s -fomit-frame-pointer -ffast-math -mthumb -mthumb-interwork -I/opt/devkitpro/libnds/include -I/opt/devkitpro/libnds/include -I/home/thomas/data/programming/nds/test/build -DARM9  -specs=ds_arm9.specs /opt/devkitpro/libnds/lib/libnds9d.a conftest.c  >&5
conftest.c:46: warning: conflicting types for built-in function 'memmove'
configure:5795: $? = 0
configure:5817: result: yes
configure:6057: checking whether CFLAGS includes -isysroot option
configure:6081: result: no
configure:6873: checking for a sed that does not truncate output
configure:6939: result: /bin/sed
configure:6957: checking for fgrep
configure:7021: result: /bin/grep -F
configure:7056: checking for ld used by arm-eabi-gcc
configure:7123: result: /opt/devkitpro/devkitARM/arm-eabi/bin/ld
configure:7132: checking if the linker (/opt/devkitpro/devkitARM/arm-eabi/bin/ld) is GNU ld
configure:7147: result: yes
configure:7159: checking for BSD- or MS-compatible name lister (nm)
configure:7208: result: /opt/devkitpro/devkitARM/bin/arm-eabi-nm -B
configure:7326: checking the name lister (/opt/devkitpro/devkitARM/bin/arm-eabi-nm -B) interface
configure:7333: arm-eabi-gcc -c -g -Wall -O2 -march=armv5te -mtune=arm946e-s -fomit-frame-pointer -ffast-math -mthumb -mthumb-interwork -I/opt/devkitpro/libnds/include -I/opt/devkitpro/libnds/include -I/home/thomas/data/programming/nds/test/build -DARM9  conftest.c >&5
configure:7336: /opt/devkitpro/devkitARM/bin/arm-eabi-nm -B "conftest.o"
configure:7339: output
00000000 B some_variable
configure:7346: result: BSD nm
configure:7349: checking whether ln -s works
configure:7353: result: yes
configure:7361: checking the maximum length of command line arguments
configure:7481: result: 805306365
configure:7498: checking whether the shell understands some XSI constructs
configure:7508: result: yes
configure:7512: checking whether the shell understands "+="
configure:7518: result: yes
configure:7553: checking for /opt/devkitpro/devkitARM/arm-eabi/bin/ld option to reload object files
configure:7560: result: -r
configure:7589: checking for arm-eabi-objdump
configure:7605: found /opt/devkitpro/devkitARM/bin/arm-eabi-objdump
configure:7616: result: arm-eabi-objdump
configure:7685: checking how to recognize dependent libraries
configure:7881: result: unknown
configure:7901: checking for arm-eabi-ar
configure:7917: found /opt/devkitpro/devkitARM/bin/arm-eabi-ar
configure:7928: result: arm-eabi-ar
configure:8006: checking for arm-eabi-strip
configure:8022: found /opt/devkitpro/devkitARM/bin/arm-eabi-strip
configure:8033: result: arm-eabi-strip
configure:8105: checking for arm-eabi-ranlib
configure:8121: found /opt/devkitpro/devkitARM/bin/arm-eabi-ranlib
configure:8132: result: arm-eabi-ranlib
configure:8262: checking command to parse /opt/devkitpro/devkitARM/bin/arm-eabi-nm -B output from arm-eabi-gcc object
configure:8380: arm-eabi-gcc -c -g -Wall -O2 -march=armv5te -mtune=arm946e-s -fomit-frame-pointer -ffast-math -mthumb -mthumb-interwork -I/opt/devkitpro/libnds/include -I/opt/devkitpro/libnds/include -I/home/thomas/data/programming/nds/test/build -DARM9  conftest.c >&5
configure:8383: $? = 0
configure:8387: /opt/devkitpro/devkitARM/bin/arm-eabi-nm -B conftest.o \| sed -n -e 's/^.*[	 ]\([ABCDGIRSTW][ABCDGIRSTW]*\)[	 ][	 ]*\([_A-Za-z][_A-Za-z0-9]*\)$/\1 \2 \2/p' \> conftest.nm
configure:8390: $? = 0
configure:8444: arm-eabi-gcc -o conftest -g -Wall -O2 -march=armv5te -mtune=arm946e-s -fomit-frame-pointer -ffast-math -mthumb -mthumb-interwork -I/opt/devkitpro/libnds/include -I/opt/devkitpro/libnds/include -I/home/thomas/data/programming/nds/test/build -DARM9  -specs=ds_arm9.specs /opt/devkitpro/libnds/lib/libnds9d.a conftest.c conftstm.o >&5
configure:8447: $? = 0
configure:8485: result: ok
configure:9350: checking for dlfcn.h
configure:9371: arm-eabi-gcc -c -g -Wall -O2 -march=armv5te -mtune=arm946e-s -fomit-frame-pointer -ffast-math -mthumb -mthumb-interwork -I/opt/devkitpro/libnds/include -I/opt/devkitpro/libnds/include -I/home/thomas/data/programming/nds/test/build -DARM9  conftest.c >&5
conftest.c:58:19: error: dlfcn.h: No such file or directory
configure:9378: $? = 1
configure: failed program was:
| /* confdefs.h.  */
| #define PACKAGE_NAME "FreeType"
| #define PACKAGE_TARNAME "freetype"
| #define PACKAGE_VERSION "2.3.9"
| #define PACKAGE_STRING "FreeType 2.3.9"
| #define PACKAGE_BUGREPORT "freetype@nongnu.org"
| #define STDC_HEADERS 1
| #define HAVE_SYS_TYPES_H 1
| #define HAVE_SYS_STAT_H 1
| #define HAVE_STDLIB_H 1
| #define HAVE_STRING_H 1
| #define HAVE_INTTYPES_H 1
| #define HAVE_STDINT_H 1
| #define HAVE_UNISTD_H 1
| #define HAVE_FCNTL_H 1
| #define HAVE_UNISTD_H 1
| #define SIZEOF_INT 4
| #define SIZEOF_LONG 4
| #define HAVE_STDLIB_H 1
| #define HAVE_UNISTD_H 1
| #define HAVE_MEMCPY 1
| #define HAVE_MEMMOVE 1
| /* end confdefs.h.  */
| #include <stdio.h>
| #ifdef HAVE_SYS_TYPES_H
| # include <sys/types.h>
| #endif
| #ifdef HAVE_SYS_STAT_H
| # include <sys/stat.h>
| #endif
| #ifdef STDC_HEADERS
| # include <stdlib.h>
| # include <stddef.h>
| #else
| # ifdef HAVE_STDLIB_H
| #  include <stdlib.h>
| # endif
| #endif
| #ifdef HAVE_STRING_H
| # if !defined STDC_HEADERS && defined HAVE_MEMORY_H
| #  include <memory.h>
| # endif
| # include <string.h>
| #endif
| #ifdef HAVE_STRINGS_H
| # include <strings.h>
| #endif
| #ifdef HAVE_INTTYPES_H
| # include <inttypes.h>
| #endif
| #ifdef HAVE_STDINT_H
| # include <stdint.h>
| #endif
| #ifdef HAVE_UNISTD_H
| # include <unistd.h>
| #endif
| 
| #include <dlfcn.h>
configure:9395: result: no
configure:9879: checking for objdir
configure:9894: result: .libs
configure:10186: checking if arm-eabi-gcc supports -fno-rtti -fno-exceptions
configure:10204: arm-eabi-gcc -c -g -Wall -O2 -march=armv5te -mtune=arm946e-s -fomit-frame-pointer -ffast-math -mthumb -mthumb-interwork -I/opt/devkitpro/libnds/include -I/opt/devkitpro/libnds/include -I/home/thomas/data/programming/nds/test/build -DARM9  -fno-rtti -fno-exceptions conftest.c >&5
cc1: warning: command line option "-fno-rtti" is valid for C++/ObjC++ but not for C
configure:10208: $? = 0
configure:10221: result: no
configure:10241: checking for arm-eabi-gcc option to produce PIC
configure:10513: result: -fPIC -DPIC
configure:10525: checking if arm-eabi-gcc PIC flag -fPIC -DPIC works
configure:10543: arm-eabi-gcc -c -g -Wall -O2 -march=armv5te -mtune=arm946e-s -fomit-frame-pointer -ffast-math -mthumb -mthumb-interwork -I/opt/devkitpro/libnds/include -I/opt/devkitpro/libnds/include -I/home/thomas/data/programming/nds/test/build -DARM9  -fPIC -DPIC -DPIC conftest.c >&5
configure:10547: $? = 0
configure:10560: result: yes
configure:10584: checking if arm-eabi-gcc static flag -static works
configure:10612: result: yes
configure:10627: checking if arm-eabi-gcc supports -c -o file.o
configure:10648: arm-eabi-gcc -c -g -Wall -O2 -march=armv5te -mtune=arm946e-s -fomit-frame-pointer -ffast-math -mthumb -mthumb-interwork -I/opt/devkitpro/libnds/include -I/opt/devkitpro/libnds/include -I/home/thomas/data/programming/nds/test/build -DARM9  -o out/conftest2.o conftest.c >&5
configure:10652: $? = 0
configure:10674: result: yes
configure:10682: checking if arm-eabi-gcc supports -c -o file.o
configure:10729: result: yes
configure:10762: checking whether the arm-eabi-gcc linker (/opt/devkitpro/devkitARM/arm-eabi/bin/ld) supports shared libraries
configure:11836: result: yes
configure:11873: checking whether -lc should be explicitly linked in
configure:11878: arm-eabi-gcc -c -g -Wall -O2 -march=armv5te -mtune=arm946e-s -fomit-frame-pointer -ffast-math -mthumb -mthumb-interwork -I/opt/devkitpro/libnds/include -I/opt/devkitpro/libnds/include -I/home/thomas/data/programming/nds/test/build -DARM9  conftest.c >&5
configure:11881: $? = 0
configure:11896: arm-eabi-gcc -shared conftest.o  -v -Wl,-soname -Wl,conftest -o conftest 2\>\&1 \| /bin/grep  -lc  \>/dev/null 2\>\&1
configure:11899: $? = 1
configure:11911: result: yes
configure:12075: checking dynamic linker characteristics
configure:12758: result: no
configure:12860: checking how to hardcode library paths into programs
configure:12885: result: immediate
configure:13718: checking whether stripping libraries is possible
configure:13723: result: yes
configure:13758: checking if libtool supports shared libraries
configure:13760: result: no
configure:13763: checking whether to build shared libraries
configure:13784: result: no
configure:13787: checking whether to build static libraries
configure:13791: result: yes
configure:13952: creating ./config.status

## ---------------------- ##
## Running config.status. ##
## ---------------------- ##

This file was extended by FreeType config.status 2.3.9, which was
generated by GNU Autoconf 2.63.  Invocation command line was

  CONFIG_FILES    = 
  CONFIG_HEADERS  = 
  CONFIG_LINKS    = 
  CONFIG_COMMANDS = 
  $ ./config.status 

on pahana

config.status:973: creating unix-cc.mk
config.status:973: creating unix-def.mk
config.status:973: creating freetype-config
config.status:973: creating freetype2.pc
config.status:973: creating ftconfig.h
config.status:1207: executing libtool commands

## ---------------- ##
## Cache variables. ##
## ---------------- ##

ac_cv_build=i686-pc-linux-gnu
ac_cv_c_compiler_gnu=yes
ac_cv_c_const=yes
ac_cv_env_CC_set=
ac_cv_env_CC_value=
ac_cv_env_CFLAGS_set=set
ac_cv_env_CFLAGS_value='-g -Wall -O2 -march=armv5te -mtune=arm946e-s -fomit-frame-pointer -ffast-math -mthumb -mthumb-interwork -I/opt/devkitpro/libnds/include -I/opt/devkitpro/libnds/include -I/home/thomas/data/programming/nds/test/build -DARM9'
ac_cv_env_CPPFLAGS_set=
ac_cv_env_CPPFLAGS_value=
ac_cv_env_CPP_set=
ac_cv_env_CPP_value=
ac_cv_env_LDFLAGS_set=set
ac_cv_env_LDFLAGS_value='-specs=ds_arm9.specs /opt/devkitpro/libnds/lib/libnds9d.a'
ac_cv_env_LIBS_set=
ac_cv_env_LIBS_value=
ac_cv_env_build_alias_set=
ac_cv_env_build_alias_value=
ac_cv_env_host_alias_set=set
ac_cv_env_host_alias_value=arm-eabi
ac_cv_env_target_alias_set=
ac_cv_env_target_alias_value=
ac_cv_func_getpagesize=no
ac_cv_func_memcpy=yes
ac_cv_func_memmove=yes
ac_cv_func_mmap_fixed_mapped=no
ac_cv_header_dlfcn_h=no
ac_cv_header_fcntl_h=yes
ac_cv_header_inttypes_h=yes
ac_cv_header_memory_h=no
ac_cv_header_stdc=yes
ac_cv_header_stdint_h=yes
ac_cv_header_stdlib_h=yes
ac_cv_header_string_h=yes
ac_cv_header_strings_h=no
ac_cv_header_sys_stat_h=yes
ac_cv_header_sys_types_h=yes
ac_cv_header_unistd_h=yes
ac_cv_host=arm-unknown-eabi
ac_cv_objext=o
ac_cv_path_EGREP='/bin/grep -E'
ac_cv_path_FGREP='/bin/grep -F'
ac_cv_path_GREP=/bin/grep
ac_cv_path_SED=/bin/sed
ac_cv_path_install='/usr/bin/install -c'
ac_cv_prog_AR=arm-eabi-ar
ac_cv_prog_CC=arm-eabi-gcc
ac_cv_prog_CC_BUILD=i686-pc-linux-gnu-gcc
ac_cv_prog_CPP='arm-eabi-gcc -E'
ac_cv_prog_OBJDUMP=arm-eabi-objdump
ac_cv_prog_RANLIB=arm-eabi-ranlib
ac_cv_prog_RMDIR=rmdir
ac_cv_prog_RMF='rm -f'
ac_cv_prog_STRIP=arm-eabi-strip
ac_cv_prog_cc_c89=
ac_cv_prog_cc_g=yes
ac_cv_sizeof_int=4
ac_cv_sizeof_long=4
lt_cv_deplibs_check_method=unknown
lt_cv_file_magic_cmd='$MAGIC_CMD'
lt_cv_file_magic_test_file=
lt_cv_ld_reload_flag=-r
lt_cv_nm_interface='BSD nm'
lt_cv_objdir=.libs
lt_cv_path_LD=/opt/devkitpro/devkitARM/arm-eabi/bin/ld
lt_cv_path_NM='/opt/devkitpro/devkitARM/bin/arm-eabi-nm -B'
lt_cv_prog_compiler_c_o=yes
lt_cv_prog_compiler_pic_works=yes
lt_cv_prog_compiler_rtti_exceptions=no
lt_cv_prog_compiler_static_works=yes
lt_cv_prog_gnu_ld=yes
lt_cv_sys_global_symbol_pipe='sed -n -e '\''s/^.*[	 ]\([ABCDGIRSTW][ABCDGIRSTW]*\)[	 ][	 ]*\([_A-Za-z][_A-Za-z0-9]*\)$/\1 \2 \2/p'\'''
lt_cv_sys_global_symbol_to_c_name_address='sed -n -e '\''s/^: \([^ ]*\) $/  {\"\1\", (void *) 0},/p'\'' -e '\''s/^[ABCDGIRSTW]* \([^ ]*\) \([^ ]*\)$/  {"\2", (void *) \&\2},/p'\'''
lt_cv_sys_global_symbol_to_c_name_address_lib_prefix='sed -n -e '\''s/^: \([^ ]*\) $/  {\"\1\", (void *) 0},/p'\'' -e '\''s/^[ABCDGIRSTW]* \([^ ]*\) \(lib[^ ]*\)$/  {"\2", (void *) \&\2},/p'\'' -e '\''s/^[ABCDGIRSTW]* \([^ ]*\) \([^ ]*\)$/  {"lib\2", (void *) \&\2},/p'\'''
lt_cv_sys_global_symbol_to_cdecl='sed -n -e '\''s/^T .* \(.*\)$/extern int \1();/p'\'' -e '\''s/^[ABCDGIRSTW]* .* \(.*\)$/extern char \1;/p'\'''
lt_cv_sys_max_cmd_len=805306365

## ----------------- ##
## Output variables. ##
## ----------------- ##

AR='arm-eabi-ar'
AS='as'
CC='arm-eabi-gcc'
CC_BUILD='i686-pc-linux-gnu-gcc'
CFLAGS='-g -Wall -O2 -march=armv5te -mtune=arm946e-s -fomit-frame-pointer -ffast-math -mthumb -mthumb-interwork -I/opt/devkitpro/libnds/include -I/opt/devkitpro/libnds/include -I/home/thomas/data/programming/nds/test/build -DARM9'
CPP='arm-eabi-gcc -E'
CPPFLAGS=''
DEFS='-DHAVE_CONFIG_H'
DLLTOOL='dlltool'
DSYMUTIL=''
DUMPBIN=''
ECHO_C=''
ECHO_N='-n'
ECHO_T=''
EGREP='/bin/grep -E'
EXEEXT=''
EXEEXT_BUILD=''
FGREP='/bin/grep -F'
FT2_EXTRA_LIBS=''
FTSYS_SRC='$(BASE_DIR)/ftsystem.c'
GREP='/bin/grep'
INSTALL_DATA='${INSTALL} -m 644'
INSTALL_PROGRAM='${INSTALL}'
INSTALL_SCRIPT='${INSTALL}'
LD='/opt/devkitpro/devkitARM/arm-eabi/bin/ld'
LDFLAGS='-specs=ds_arm9.specs /opt/devkitpro/libnds/lib/libnds9d.a'
LIBOBJS=''
LIBS=''
LIBTOOL='$(SHELL) $(top_builddir)/libtool'
LIBZ=''
LIPO=''
LN_S='ln -s'
LTLIBOBJS=''
NM='/opt/devkitpro/devkitARM/bin/arm-eabi-nm -B'
NMEDIT=''
OBJDUMP='arm-eabi-objdump'
OBJEXT='o'
OTOOL64=''
OTOOL=''
PACKAGE_BUGREPORT='freetype@nongnu.org'
PACKAGE_NAME='FreeType'
PACKAGE_STRING='FreeType 2.3.9'
PACKAGE_TARNAME='freetype'
PACKAGE_VERSION='2.3.9'
PATH_SEPARATOR=':'
RANLIB='arm-eabi-ranlib'
RMDIR='rmdir'
RMF='rm -f'
SED='/bin/sed'
SHELL='/bin/sh'
STRIP='arm-eabi-strip'
SYSTEM_ZLIB=''
XX_ANSIFLAGS=''
XX_CFLAGS=''
ac_ct_CC=''
ac_ct_DUMPBIN=''
bindir='${exec_prefix}/bin'
build='i686-pc-linux-gnu'
build_alias=''
build_cpu='i686'
build_libtool_libs=''
build_os='linux-gnu'
build_vendor='pc'
datadir='${datarootdir}'
datarootdir='${prefix}/share'
docdir='${datarootdir}/doc/${PACKAGE_TARNAME}'
dvidir='${docdir}'
exec_prefix='${prefix}'
ft_version='9.20.3'
ftmac_c=''
hardcode_libdir_flag_spec='${wl}-rpath ${wl}$libdir'
host='arm-unknown-eabi'
host_alias='arm-eabi'
host_cpu='arm'
host_os='eabi'
host_vendor='unknown'
htmldir='${docdir}'
includedir='${prefix}/include'
infodir='${datarootdir}/info'
libdir='${exec_prefix}/lib'
libexecdir='${exec_prefix}/libexec'
localedir='${datarootdir}/locale'
localstatedir='${prefix}/var'
lt_ECHO='echo'
mandir='${datarootdir}/man'
oldincludedir='/usr/include'
pdfdir='${docdir}'
prefix='/opt/devkitpro/devkitARM'
program_transform_name='s,x,x,'
psdir='${docdir}'
sbindir='${exec_prefix}/sbin'
sharedstatedir='${prefix}/com'
sysconfdir='${prefix}/etc'
target_alias=''
version_info='9:20:3'
wl='-Wl,'

## ----------- ##
## confdefs.h. ##
## ----------- ##

#define PACKAGE_NAME "FreeType"
#define PACKAGE_TARNAME "freetype"
#define PACKAGE_VERSION "2.3.9"
#define PACKAGE_STRING "FreeType 2.3.9"
#define PACKAGE_BUGREPORT "freetype@nongnu.org"
#define STDC_HEADERS 1
#define HAVE_SYS_TYPES_H 1
#define HAVE_SYS_STAT_H 1
#define HAVE_STDLIB_H 1
#define HAVE_STRING_H 1
#define HAVE_INTTYPES_H 1
#define HAVE_STDINT_H 1
#define HAVE_UNISTD_H 1
#define HAVE_FCNTL_H 1
#define HAVE_UNISTD_H 1
#define SIZEOF_INT 4
#define SIZEOF_LONG 4
#define HAVE_STDLIB_H 1
#define HAVE_UNISTD_H 1
#define HAVE_MEMCPY 1
#define HAVE_MEMMOVE 1
#define LT_OBJDIR ".libs/"

configure: exit 0
